This file contains any messages produced by compilers while
running configure, to aid debugging if configure makes a mistake.

It was created by sg3_utils configure 1.45, which was
generated by GNU Autoconf 2.69.  Invocation command line was

  $ ./configure 

## --------- ##
## Platform. ##
## --------- ##

hostname = qa
uname -m = x86_64
uname -r = 5.4.0-52-generic
uname -s = Linux
uname -v = #57-Ubuntu SMP Thu Oct 15 10:57:00 UTC 2020

/usr/bin/uname -p = x86_64
/bin/uname -X     = unknown

/bin/arch              = x86_64
/usr/bin/arch -k       = unknown
/usr/convex/getsysinfo = unknown
/usr/bin/hostinfo      = unknown
/bin/machine           = unknown
/usr/bin/oslevel       = unknown
/bin/universe          = unknown

PATH: /home/qa/.vscode-server/bin/d2e414d9e4239a252d1ab117bd7067f125afd80a/bin
PATH: /usr/local/go/bin
PATH: /home/qa/.local/bin
PATH: /home/qa/.vscode-server/bin/d2e414d9e4239a252d1ab117bd7067f125afd80a/bin
PATH: /usr/local/sbin
PATH: /usr/local/bin
PATH: /usr/sbin
PATH: /usr/bin
PATH: /sbin
PATH: /bin
PATH: /usr/games
PATH: /usr/local/games
PATH: /snap/bin


## ----------- ##
## Core tests. ##
## ----------- ##

configure:2309: checking for a BSD-compatible install
configure:2377: result: /usr/bin/install -c
configure:2388: checking whether build environment is sane
configure:2443: result: yes
configure:2592: checking for a thread-safe mkdir -p
configure:2631: result: /usr/bin/mkdir -p
configure:2638: checking for gawk
configure:2668: result: no
configure:2638: checking for mawk
configure:2654: found /usr/bin/mawk
configure:2665: result: mawk
configure:2676: checking whether make sets $(MAKE)
configure:2698: result: yes
configure:2727: checking whether make supports nested variables
configure:2744: result: yes
configure:2871: checking whether to enable maintainer-specific portions of Makefiles
configure:2880: result: no
configure:2944: checking for gcc
configure:2960: found /usr/bin/gcc
configure:2971: result: gcc
configure:3200: checking for C compiler version
configure:3209: gcc --version >&5
gcc (Ubuntu 9.3.0-17ubuntu1~20.04) 9.3.0
Copyright (C) 2019 Free Software Foundation, Inc.
This is free software; see the source for copying conditions.  There is NO
warranty; not even for MERCHANTABILITY or FITNESS FOR A PARTICULAR PURPOSE.

configure:3220: $? = 0
configure:3209: gcc -v >&5
Using built-in specs.
COLLECT_GCC=gcc
COLLECT_LTO_WRAPPER=/usr/lib/gcc/x86_64-linux-gnu/9/lto-wrapper
OFFLOAD_TARGET_NAMES=nvptx-none:hsa
OFFLOAD_TARGET_DEFAULT=1
Target: x86_64-linux-gnu
Configured with: ../src/configure -v --with-pkgversion='Ubuntu 9.3.0-17ubuntu1~20.04' --with-bugurl=file:///usr/share/doc/gcc-9/README.Bugs --enable-languages=c,ada,c++,go,brig,d,fortran,objc,obj-c++,gm2 --prefix=/usr --with-gcc-major-version-only --program-suffix=-9 --program-prefix=x86_64-linux-gnu- --enable-shared --enable-linker-build-id --libexecdir=/usr/lib --without-included-gettext --enable-threads=posix --libdir=/usr/lib --enable-nls --enable-clocale=gnu --enable-libstdcxx-debug --enable-libstdcxx-time=yes --with-default-libstdcxx-abi=new --enable-gnu-unique-object --disable-vtable-verify --enable-plugin --enable-default-pie --with-system-zlib --with-target-system-zlib=auto --enable-objc-gc=auto --enable-multiarch --disable-werror --with-arch-32=i686 --with-abi=m64 --with-multilib-list=m32,m64,mx32 --enable-multilib --with-tune=generic --enable-offload-targets=nvptx-none=/build/gcc-9-HskZEa/gcc-9-9.3.0/debian/tmp-nvptx/usr,hsa --without-cuda-driver --enable-checking=release --build=x86_64-linux-gnu --host=x86_64-linux-gnu --target=x86_64-linux-gnu
Thread model: posix
gcc version 9.3.0 (Ubuntu 9.3.0-17ubuntu1~20.04) 
configure:3220: $? = 0
configure:3209: gcc -V >&5
gcc: error: unrecognized command line option '-V'
gcc: fatal error: no input files
compilation terminated.
configure:3220: $? = 1
configure:3209: gcc -qversion >&5
gcc: error: unrecognized command line option '-qversion'; did you mean '--version'?
gcc: fatal error: no input files
compilation terminated.
configure:3220: $? = 1
configure:3240: checking whether the C compiler works
configure:3262: gcc    conftest.c  >&5
configure:3266: $? = 0
configure:3314: result: yes
configure:3317: checking for C compiler default output file name
configure:3319: result: a.out
configure:3325: checking for suffix of executables
configure:3332: gcc -o conftest    conftest.c  >&5
configure:3336: $? = 0
configure:3358: result: 
configure:3380: checking whether we are cross compiling
configure:3388: gcc -o conftest    conftest.c  >&5
configure:3392: $? = 0
configure:3399: ./conftest
configure:3403: $? = 0
configure:3391: result: no
configure:3396: checking for suffix of object files
configure:3418: gcc -c   conftest.c >&5
configure:3422: $? = 0
configure:3443: result: o
configure:3447: checking whether we are using the GNU C compiler
configure:3466: gcc -c   conftest.c >&5
configure:3466: $? = 0
configure:3475: result: yes
configure:3484: checking whether gcc accepts -g
configure:3504: gcc -c -g  conftest.c >&5
configure:3504: $? = 0
configure:3545: result: yes
configure:3562: checking for gcc option to accept ISO C89
configure:3625: gcc  -c -g -O2  conftest.c >&5
configure:3625: $? = 0
configure:3638: result: none needed
configure:3663: checking whether gcc understands -c and -o together
configure:3685: gcc -c conftest.c -o conftest2.o
configure:3688: $? = 0
configure:3685: gcc -c conftest.c -o conftest2.o
configure:3688: $? = 0
configure:3700: result: yes
configure:3720: checking whether make supports the include directive
configure:3735: make -f confmf.GNU && cat confinc.out
this is the am__doit target
configure:3738: $? = 0
configure:3757: result: yes (GNU style)
configure:3782: checking dependency style of gcc
configure:3893: result: gcc3
configure:3962: checking for ar
configure:3978: found /usr/bin/ar
configure:3989: result: ar
configure:4015: checking the archiver (ar) interface
configure:4031: gcc -c -g -O2  conftest.c >&5
configure:4031: $? = 0
configure:4033: ar cru libconftest.a conftest.o >&5
ar: `u' modifier ignored since `D' is the default (see `U')
configure:4036: $? = 0
configure:4035: result: ar
configure:4086: checking build system type
configure:4100: result: x86_64-pc-linux-gnu
configure:4120: checking host system type
configure:4133: result: x86_64-pc-linux-gnu
configure:4174: checking how to print strings
configure:4201: result: printf
configure:4222: checking for a sed that does not truncate output
configure:4286: result: /usr/bin/sed
configure:4304: checking for grep that handles long lines and -e
configure:4362: result: /usr/bin/grep
configure:4367: checking for egrep
configure:4429: result: /usr/bin/grep -E
configure:4434: checking for fgrep
configure:4496: result: /usr/bin/grep -F
configure:4531: checking for ld used by gcc
configure:4598: result: /usr/bin/ld
configure:4605: checking if the linker (/usr/bin/ld) is GNU ld
configure:4620: result: yes
configure:4632: checking for BSD- or MS-compatible name lister (nm)
configure:4686: result: /usr/bin/nm -B
configure:4816: checking the name lister (/usr/bin/nm -B) interface
configure:4823: gcc -c -g -O2  conftest.c >&5
configure:4826: /usr/bin/nm -B "conftest.o"
configure:4829: output
0000000000000000 B some_variable
configure:4830: result: BSD nm
configure:4833: checking whether ln -s works
configure:4837: result: yes
configure:4845: checking the maximum length of command line arguments
configure:4976: result: 1572864
configure:5024: checking how to convert x86_64-pc-linux-gnu file names to x86_64-pc-linux-gnu format
configure:5064: result: func_convert_file_noop
configure:5071: checking how to convert x86_64-pc-linux-gnu file names to toolchain format
configure:5091: result: func_convert_file_noop
configure:5098: checking for /usr/bin/ld option to reload object files
configure:5105: result: -r
configure:5179: checking for objdump
configure:5195: found /usr/bin/objdump
configure:5206: result: objdump
configure:5238: checking how to recognize dependent libraries
configure:5438: result: pass_all
configure:5523: checking for dlltool
configure:5553: result: no
configure:5583: checking how to associate runtime and link libraries
configure:5610: result: printf %s\n
configure:5734: checking for archiver @FILE support
configure:5751: gcc -c -g -O2  conftest.c >&5
configure:5751: $? = 0
configure:5754: ar cru libconftest.a @conftest.lst >&5
ar: `u' modifier ignored since `D' is the default (see `U')
configure:5757: $? = 0
configure:5762: ar cru libconftest.a @conftest.lst >&5
ar: `u' modifier ignored since `D' is the default (see `U')
ar: conftest.o: No such file or directory
configure:5765: $? = 1
configure:5764: result: @
configure:5822: checking for strip
configure:5838: found /usr/bin/strip
configure:5849: result: strip
configure:5921: checking for ranlib
configure:5937: found /usr/bin/ranlib
configure:5948: result: ranlib
configure:6050: checking command to parse /usr/bin/nm -B output from gcc object
configure:6203: gcc -c -g -O2  conftest.c >&5
configure:6206: $? = 0
configure:6210: /usr/bin/nm -B conftest.o | sed -n -e 's/^.*[	 ]\([ABCDGIRSTW][ABCDGIRSTW]*\)[	 ][	 ]*\([_A-Za-z][_A-Za-z0-9]*\)$/\1 \2 \2/p' | sed '/ __gnu_lto/d' > conftest.nm
configure:6276: gcc -o conftest -g -O2   conftest.c conftstm.o >&5
configure:6279: $? = 0
configure:6317: result: ok
configure:6364: checking for sysroot
configure:6394: result: no
configure:6401: checking for a working dd
configure:6439: result: /usr/bin/dd
configure:6443: checking how to truncate binary pipes
configure:6458: result: /usr/bin/dd bs=4096 count=1
configure:6594: gcc -c -g -O2  conftest.c >&5
configure:6597: $? = 0
configure:6787: checking for mt
configure:6803: found /usr/bin/mt
configure:6814: result: mt
configure:6837: checking if mt is a manifest tool
configure:6843: mt '-?'
configure:6851: result: no
configure:7528: checking how to run the C preprocessor
configure:7559: gcc -E  conftest.c
configure:7559: $? = 0
configure:7573: gcc -E  conftest.c
conftest.c:11:10: fatal error: ac_nonexistent.h: No such file or directory
   11 | #include <ac_nonexistent.h>
      |          ^~~~~~~~~~~~~~~~~~
compilation terminated.
configure:7573: $? = 1
configure: failed program was:
| /* confdefs.h */
| #define PACKAGE_NAME "sg3_utils"
| #define PACKAGE_TARNAME "sg3_utils"
| #define PACKAGE_VERSION "1.45"
| #define PACKAGE_STRING "sg3_utils 1.45"
| #define PACKAGE_BUGREPORT "dgilbert@interlog.com"
| #define PACKAGE_URL ""
| #define PACKAGE "sg3_utils"
| #define VERSION "1.45"
| /* end confdefs.h.  */
| #include <ac_nonexistent.h>
configure:7598: result: gcc -E
configure:7618: gcc -E  conftest.c
configure:7618: $? = 0
configure:7632: gcc -E  conftest.c
conftest.c:11:10: fatal error: ac_nonexistent.h: No such file or directory
   11 | #include <ac_nonexistent.h>
      |          ^~~~~~~~~~~~~~~~~~
compilation terminated.
configure:7632: $? = 1
configure: failed program was:
| /* confdefs.h */
| #define PACKAGE_NAME "sg3_utils"
| #define PACKAGE_TARNAME "sg3_utils"
| #define PACKAGE_VERSION "1.45"
| #define PACKAGE_STRING "sg3_utils 1.45"
| #define PACKAGE_BUGREPORT "dgilbert@interlog.com"
| #define PACKAGE_URL ""
| #define PACKAGE "sg3_utils"
| #define VERSION "1.45"
| /* end confdefs.h.  */
| #include <ac_nonexistent.h>
configure:7661: checking for ANSI C header files
configure:7681: gcc -c -g -O2  conftest.c >&5
configure:7681: $? = 0
configure:7754: gcc -o conftest -g -O2   conftest.c  >&5
configure:7754: $? = 0
configure:7754: ./conftest
configure:7754: $? = 0
configure:7765: result: yes
configure:7778: checking for sys/types.h
configure:7778: gcc -c -g -O2  conftest.c >&5
configure:7778: $? = 0
configure:7778: result: yes
configure:7778: checking for sys/stat.h
configure:7778: gcc -c -g -O2  conftest.c >&5
configure:7778: $? = 0
configure:7778: result: yes
configure:7778: checking for stdlib.h
configure:7778: gcc -c -g -O2  conftest.c >&5
configure:7778: $? = 0
configure:7778: result: yes
configure:7778: checking for string.h
configure:7778: gcc -c -g -O2  conftest.c >&5
configure:7778: $? = 0
configure:7778: result: yes
configure:7778: checking for memory.h
configure:7778: gcc -c -g -O2  conftest.c >&5
configure:7778: $? = 0
configure:7778: result: yes
configure:7778: checking for strings.h
configure:7778: gcc -c -g -O2  conftest.c >&5
configure:7778: $? = 0
configure:7778: result: yes
configure:7778: checking for inttypes.h
configure:7778: gcc -c -g -O2  conftest.c >&5
configure:7778: $? = 0
configure:7778: result: yes
configure:7778: checking for stdint.h
configure:7778: gcc -c -g -O2  conftest.c >&5
configure:7778: $? = 0
configure:7778: result: yes
configure:7778: checking for unistd.h
configure:7778: gcc -c -g -O2  conftest.c >&5
configure:7778: $? = 0
configure:7778: result: yes
configure:7792: checking for dlfcn.h
configure:7792: gcc -c -g -O2  conftest.c >&5
configure:7792: $? = 0
configure:7792: result: yes
configure:8048: checking for objdir
configure:8063: result: .libs
configure:8323: checking if gcc supports -fno-rtti -fno-exceptions
configure:8341: gcc -c -g -O2  -fno-rtti -fno-exceptions conftest.c >&5
cc1: warning: command line option '-fno-rtti' is valid for C++/D/ObjC++ but not for C
configure:8345: $? = 0
configure:8358: result: no
configure:8716: checking for gcc option to produce PIC
configure:8723: result: -fPIC -DPIC
configure:8731: checking if gcc PIC flag -fPIC -DPIC works
configure:8749: gcc -c -g -O2  -fPIC -DPIC -DPIC conftest.c >&5
configure:8753: $? = 0
configure:8766: result: yes
configure:8795: checking if gcc static flag -static works
configure:8823: result: yes
configure:8838: checking if gcc supports -c -o file.o
configure:8859: gcc -c -g -O2  -o out/conftest2.o conftest.c >&5
configure:8863: $? = 0
configure:8885: result: yes
configure:8893: checking if gcc supports -c -o file.o
configure:8940: result: yes
configure:8973: checking whether the gcc linker (/usr/bin/ld -m elf_x86_64) supports shared libraries
configure:10236: result: yes
configure:10273: checking whether -lc should be explicitly linked in
configure:10281: gcc -c -g -O2  conftest.c >&5
configure:10284: $? = 0
configure:10299: gcc -shared  -fPIC -DPIC conftest.o  -v -Wl,-soname -Wl,conftest -o conftest 2\>\&1 \| /usr/bin/grep  -lc  \>/dev/null 2\>\&1
configure:10302: $? = 0
configure:10316: result: no
configure:10476: checking dynamic linker characteristics
configure:11057: gcc -o conftest -g -O2   -Wl,-rpath -Wl,/foo conftest.c  >&5
configure:11057: $? = 0
configure:11306: result: GNU/Linux ld.so
configure:11428: checking how to hardcode library paths into programs
configure:11453: result: immediate
configure:12001: checking whether stripping libraries is possible
configure:12006: result: yes
configure:12041: checking if libtool supports shared libraries
configure:12043: result: yes
configure:12046: checking whether to build shared libraries
configure:12071: result: yes
configure:12074: checking whether to build static libraries
configure:12078: result: yes
configure:8893: checking for ANSI C header files
configure:8997: result: yes
configure:9007: checking byteswap.h usability
configure:9007: gcc -c -g -O2  conftest.c >&5
configure:9007: $? = 0
configure:9007: result: yes
configure:9007: checking byteswap.h presence
configure:9007: gcc -E  conftest.c
configure:9007: $? = 0
configure:9007: result: yes
configure:9007: checking for byteswap.h
configure:9007: result: yes
configure:9021: checking for getopt_long
configure:9021: gcc -o conftest -g -O2   conftest.c  >&5
configure:9021: $? = 0
configure:9021: result: yes
configure:9034: checking for posix_fadvise
configure:9034: gcc -o conftest -g -O2   conftest.c  >&5
configure:9034: $? = 0
configure:9034: result: yes
configure:9045: checking for posix_memalign
configure:9045: gcc -o conftest -g -O2   conftest.c  >&5
conftest.c:50:6: warning: conflicting types for built-in function 'posix_memalign'; expected 'int(void **, long unsigned int,  long unsigned int)' [-Wbuiltin-declaration-mismatch]
   50 | char posix_memalign ();
      |      ^~~~~~~~~~~~~~
configure:9045: $? = 0
configure:9045: result: yes
configure:9056: checking for gettimeofday
configure:9056: gcc -o conftest -g -O2   conftest.c  >&5
configure:9056: $? = 0
configure:9056: result: yes
configure:9067: checking for sysconf
configure:9067: gcc -o conftest -g -O2   conftest.c  >&5
configure:9067: $? = 0
configure:9067: result: yes
configure:9078: checking for lseek64
configure:9078: gcc -o conftest -g -O2   conftest.c  >&5
configure:9078: $? = 0
configure:9078: result: yes
configure:9088: checking for library containing pthread_create
configure:9119: gcc -o conftest -g -O2   conftest.c  >&5
/usr/bin/ld: /tmp/ccHoxh6Q.o: in function `main':
/home/qa/works/src/github.com/zytzjx/hddchecker/sg3_utils-1.45/conftest.c:42: undefined reference to `pthread_create'
collect2: error: ld returned 1 exit status
configure:9119: $? = 1
configure: failed program was:
| /* confdefs.h */
| #define PACKAGE_NAME "sg3_utils"
| #define PACKAGE_TARNAME "sg3_utils"
| #define PACKAGE_VERSION "1.45"
| #define PACKAGE_STRING "sg3_utils 1.45"
| #define PACKAGE_BUGREPORT "dgilbert@interlog.com"
| #define PACKAGE_URL ""
| #define PACKAGE "sg3_utils"
| #define VERSION "1.45"
| #define STDC_HEADERS 1
| #define HAVE_SYS_TYPES_H 1
| #define HAVE_SYS_STAT_H 1
| #define HAVE_STDLIB_H 1
| #define HAVE_STRING_H 1
| #define HAVE_MEMORY_H 1
| #define HAVE_STRINGS_H 1
| #define HAVE_INTTYPES_H 1
| #define HAVE_STDINT_H 1
| #define HAVE_UNISTD_H 1
| #define HAVE_DLFCN_H 1
| #define LT_OBJDIR ".libs/"
| #define STDC_HEADERS 1
| #define HAVE_BYTESWAP_H 1
| #define HAVE_GETOPT_LONG 1
| #define HAVE_POSIX_FADVISE 1
| #define HAVE_POSIX_MEMALIGN 1
| #define HAVE_GETTIMEOFDAY 1
| #define HAVE_SYSCONF 1
| #define HAVE_LSEEK64 1
| /* end confdefs.h.  */
| 
| /* Override any GCC internal prototype to avoid an error.
|    Use char because int might match the return type of a GCC
|    builtin and then its argument prototype would still apply.  */
| #ifdef __cplusplus
| extern "C"
| #endif
| char pthread_create ();
| int
| main ()
| {
| return pthread_create ();
|   ;
|   return 0;
| }
configure:9119: gcc -o conftest -g -O2   conftest.c -lpthread   >&5
configure:9119: $? = 0
configure:9136: result: -lpthread
configure:9150: checking for pthread_cancel
configure:9150: gcc -o conftest -g -O2   conftest.c -lpthread  >&5
configure:9150: $? = 0
configure:9150: result: yes
configure:9150: checking for pthread_kill
configure:9150: gcc -o conftest -g -O2   conftest.c -lpthread  >&5
configure:9150: $? = 0
configure:9150: result: yes
configure:9164: checking for library containing clock_gettime
configure:9195: gcc -o conftest -g -O2   conftest.c  >&5
configure:9195: $? = 0
configure:9212: result: none required
configure:9223: checking for clock_gettime
configure:9223: gcc -o conftest -g -O2   conftest.c  >&5
configure:9223: $? = 0
configure:9223: result: yes
configure:9250: checking linux/nvme_ioctl.h usability
configure:9250: gcc -c -g -O2  conftest.c >&5
configure:9250: $? = 0
configure:9250: result: yes
configure:9250: checking linux/nvme_ioctl.h presence
configure:9250: gcc -E  conftest.c
configure:9250: $? = 0
configure:9250: result: yes
configure:9250: checking for linux/nvme_ioctl.h
configure:9250: result: yes
configure:9267: checking for linux/types.h
configure:9267: gcc -c -g -O2  conftest.c >&5
configure:9267: $? = 0
configure:9267: result: yes
configure:9267: checking for linux/bsg.h
configure:9267: gcc -c -g -O2  conftest.c >&5
configure:9267: $? = 0
configure:9267: result: yes
configure:9267: checking for linux/kdev_t.h
configure:9267: gcc -c -g -O2  conftest.c >&5
configure:9267: $? = 0
configure:9267: result: yes
configure:9628: checking that generated files are newer than configure
configure:9634: result: done
configure:9693: creating ./config.status

## ---------------------- ##
## Running config.status. ##
## ---------------------- ##

This file was extended by sg3_utils config.status 1.45, which was
generated by GNU Autoconf 2.69.  Invocation command line was

  CONFIG_FILES    = 
  CONFIG_HEADERS  = 
  CONFIG_LINKS    = 
  CONFIG_COMMANDS = 
  $ ./config.status 

on qa

config.status:1126: creating Makefile
config.status:1126: creating include/Makefile
config.status:1126: creating lib/Makefile
config.status:1126: creating src/Makefile
config.status:1126: creating doc/Makefile
config.status:1126: creating scripts/Makefile
config.status:1126: creating config.h
config.status:1355: executing depfiles commands
config.status:1432: cd lib       && sed -e '/# am--include-marker/d' Makefile         | make -f - am--depfiles
config.status:1437: $? = 0
config.status:1432: cd src       && sed -e '/# am--include-marker/d' Makefile         | make -f - am--depfiles
config.status:1437: $? = 0
config.status:1355: executing libtool commands
configure:11870:
-----------------------------------------------------------------------------
sg3_utils-1.45 configuration:
host operating system:  x86_64-pc-linux-gnu
default C compiler:     gcc
binary install path:    /usr/local/bin
scripts install path:   /usr/local/bin
man page install path:  /usr/local/share/man
-----------------------------------------------------------------------------


## ---------------- ##
## Cache variables. ##
## ---------------- ##

ac_cv_build=x86_64-pc-linux-gnu
ac_cv_c_compiler_gnu=yes
ac_cv_env_CC_set=
ac_cv_env_CC_value=
ac_cv_env_CFLAGS_set=
ac_cv_env_CFLAGS_value=
ac_cv_env_CPPFLAGS_set=
ac_cv_env_CPPFLAGS_value=
ac_cv_env_CPP_set=
ac_cv_env_CPP_value=
ac_cv_env_LDFLAGS_set=
ac_cv_env_LDFLAGS_value=
ac_cv_env_LIBS_set=
ac_cv_env_LIBS_value=
ac_cv_env_LT_SYS_LIBRARY_PATH_set=
ac_cv_env_LT_SYS_LIBRARY_PATH_value=
ac_cv_env_build_alias_set=
ac_cv_env_build_alias_value=
ac_cv_env_host_alias_set=
ac_cv_env_host_alias_value=
ac_cv_env_target_alias_set=
ac_cv_env_target_alias_value=
ac_cv_func_clock_gettime=yes
ac_cv_func_getopt_long=yes
ac_cv_func_gettimeofday=yes
ac_cv_func_lseek64=yes
ac_cv_func_posix_fadvise=yes
ac_cv_func_posix_memalign=yes
ac_cv_func_pthread_cancel=yes
ac_cv_func_pthread_kill=yes
ac_cv_func_sysconf=yes
ac_cv_header_byteswap_h=yes
ac_cv_header_dlfcn_h=yes
ac_cv_header_inttypes_h=yes
ac_cv_header_linux_bsg_h=yes
ac_cv_header_linux_kdev_t_h=yes
ac_cv_header_linux_nvme_ioctl_h=yes
ac_cv_header_linux_types_h=yes
ac_cv_header_memory_h=yes
ac_cv_header_stdc=yes
ac_cv_header_stdint_h=yes
ac_cv_header_stdlib_h=yes
ac_cv_header_string_h=yes
ac_cv_header_strings_h=yes
ac_cv_header_sys_stat_h=yes
ac_cv_header_sys_types_h=yes
ac_cv_header_unistd_h=yes
ac_cv_host=x86_64-pc-linux-gnu
ac_cv_objext=o
ac_cv_path_EGREP='/usr/bin/grep -E'
ac_cv_path_FGREP='/usr/bin/grep -F'
ac_cv_path_GREP=/usr/bin/grep
ac_cv_path_SED=/usr/bin/sed
ac_cv_path_install='/usr/bin/install -c'
ac_cv_path_lt_DD=/usr/bin/dd
ac_cv_path_mkdir=/usr/bin/mkdir
ac_cv_prog_AWK=mawk
ac_cv_prog_CPP='gcc -E'
ac_cv_prog_ac_ct_AR=ar
ac_cv_prog_ac_ct_CC=gcc
ac_cv_prog_ac_ct_MANIFEST_TOOL=mt
ac_cv_prog_ac_ct_OBJDUMP=objdump
ac_cv_prog_ac_ct_RANLIB=ranlib
ac_cv_prog_ac_ct_STRIP=strip
ac_cv_prog_cc_c89=
ac_cv_prog_cc_g=yes
ac_cv_prog_make_make_set=yes
ac_cv_search_clock_gettime='none required'
ac_cv_search_pthread_create=-lpthread
am_cv_CC_dependencies_compiler_type=gcc3
am_cv_ar_interface=ar
am_cv_make_support_nested_variables=yes
am_cv_prog_cc_c_o=yes
lt_cv_ar_at_file=@
lt_cv_archive_cmds_need_lc=no
lt_cv_deplibs_check_method=pass_all
lt_cv_file_magic_cmd='$MAGIC_CMD'
lt_cv_file_magic_test_file=
lt_cv_ld_reload_flag=-r
lt_cv_nm_interface='BSD nm'
lt_cv_objdir=.libs
lt_cv_path_LD=/usr/bin/ld
lt_cv_path_NM='/usr/bin/nm -B'
lt_cv_path_mainfest_tool=no
lt_cv_prog_compiler_c_o=yes
lt_cv_prog_compiler_pic='-fPIC -DPIC'
lt_cv_prog_compiler_pic_works=yes
lt_cv_prog_compiler_rtti_exceptions=no
lt_cv_prog_compiler_static_works=yes
lt_cv_prog_gnu_ld=yes
lt_cv_sharedlib_from_linklib_cmd='printf %s\n'
lt_cv_shlibpath_overrides_runpath=yes
lt_cv_sys_global_symbol_pipe='sed -n -e '\''s/^.*[	 ]\([ABCDGIRSTW][ABCDGIRSTW]*\)[	 ][	 ]*\([_A-Za-z][_A-Za-z0-9]*\)$/\1 \2 \2/p'\'' | sed '\''/ __gnu_lto/d'\'''
lt_cv_sys_global_symbol_to_c_name_address='sed -n -e '\''s/^: \(.*\) .*$/  {"\1", (void *) 0},/p'\'' -e '\''s/^[ABCDGIRSTW][ABCDGIRSTW]* .* \(.*\)$/  {"\1", (void *) \&\1},/p'\'''
lt_cv_sys_global_symbol_to_c_name_address_lib_prefix='sed -n -e '\''s/^: \(.*\) .*$/  {"\1", (void *) 0},/p'\'' -e '\''s/^[ABCDGIRSTW][ABCDGIRSTW]* .* \(lib.*\)$/  {"\1", (void *) \&\1},/p'\'' -e '\''s/^[ABCDGIRSTW][ABCDGIRSTW]* .* \(.*\)$/  {"lib\1", (void *) \&\1},/p'\'''
lt_cv_sys_global_symbol_to_cdecl='sed -n -e '\''s/^T .* \(.*\)$/extern int \1();/p'\'' -e '\''s/^[ABCDGIRSTW][ABCDGIRSTW]* .* \(.*\)$/extern char \1;/p'\'''
lt_cv_sys_global_symbol_to_import=
lt_cv_sys_max_cmd_len=1572864
lt_cv_to_host_file_cmd=func_convert_file_noop
lt_cv_to_tool_file_cmd=func_convert_file_noop
lt_cv_truncate_bin='/usr/bin/dd bs=4096 count=1'

## ----------------- ##
## Output variables. ##
## ----------------- ##

ACLOCAL='${SHELL} /home/qa/works/src/github.com/zytzjx/hddchecker/sg3_utils-1.45/missing aclocal-1.16'
AMDEPBACKSLASH='\'
AMDEP_FALSE='#'
AMDEP_TRUE=''
AMTAR='$${TAR-tar}'
AM_BACKSLASH='\'
AM_DEFAULT_V='$(AM_DEFAULT_VERBOSITY)'
AM_DEFAULT_VERBOSITY='1'
AM_V='$(V)'
AR='ar'
AUTOCONF='${SHELL} /home/qa/works/src/github.com/zytzjx/hddchecker/sg3_utils-1.45/missing autoconf'
AUTOHEADER='${SHELL} /home/qa/works/src/github.com/zytzjx/hddchecker/sg3_utils-1.45/missing autoheader'
AUTOMAKE='${SHELL} /home/qa/works/src/github.com/zytzjx/hddchecker/sg3_utils-1.45/missing automake-1.16'
AWK='mawk'
CC='gcc'
CCDEPMODE='depmode=gcc3'
CFLAGS='-g -O2'
CPP='gcc -E'
CPPFLAGS=''
CYGPATH_W='echo'
DEBUG_FALSE=''
DEBUG_TRUE='#'
DEFS='-DHAVE_CONFIG_H'
DEPDIR='.deps'
DLLTOOL='false'
DSYMUTIL=''
DUMPBIN=''
ECHO_C=''
ECHO_N='-n'
ECHO_T=''
EGREP='/usr/bin/grep -E'
EXEEXT=''
FGREP='/usr/bin/grep -F'
GETOPT_O_FILES=''
GREP='/usr/bin/grep'
INSTALL_DATA='${INSTALL} -m 644'
INSTALL_PROGRAM='${INSTALL}'
INSTALL_SCRIPT='${INSTALL}'
INSTALL_STRIP_PROGRAM='$(install_sh) -c -s'
LD='/usr/bin/ld -m elf_x86_64'
LDFLAGS=''
LIBOBJS=''
LIBS=''
LIBTOOL='$(SHELL) $(top_builddir)/libtool'
LIPO=''
LN_S='ln -s'
LTLIBOBJS=''
LT_SYS_LIBRARY_PATH=''
MAINT='#'
MAINTAINER_MODE_FALSE=''
MAINTAINER_MODE_TRUE='#'
MAKEINFO='${SHELL} /home/qa/works/src/github.com/zytzjx/hddchecker/sg3_utils-1.45/missing makeinfo'
MANIFEST_TOOL=':'
MKDIR_P='/usr/bin/mkdir -p'
NM='/usr/bin/nm -B'
NMEDIT=''
OBJDUMP='objdump'
OBJEXT='o'
OS_ANDROID_FALSE=''
OS_ANDROID_TRUE='#'
OS_FREEBSD_FALSE=''
OS_FREEBSD_TRUE='#'
OS_LINUX_FALSE='#'
OS_LINUX_TRUE=''
OS_OSF_FALSE=''
OS_OSF_TRUE='#'
OS_SOLARIS_FALSE=''
OS_SOLARIS_TRUE='#'
OS_WIN32_CYGWIN_FALSE=''
OS_WIN32_CYGWIN_TRUE='#'
OS_WIN32_MINGW_FALSE=''
OS_WIN32_MINGW_TRUE='#'
OTOOL64=''
OTOOL=''
PACKAGE='sg3_utils'
PACKAGE_BUGREPORT='dgilbert@interlog.com'
PACKAGE_NAME='sg3_utils'
PACKAGE_STRING='sg3_utils 1.45'
PACKAGE_TARNAME='sg3_utils'
PACKAGE_URL=''
PACKAGE_VERSION='1.45'
PATH_SEPARATOR=':'
PTHREAD_LIB='-lpthread '
RANLIB='ranlib'
RT_LIB=''
SED='/usr/bin/sed'
SET_MAKE=''
SHELL='/bin/bash'
STRIP='strip'
VERSION='1.45'
ac_ct_AR='ar'
ac_ct_CC='gcc'
ac_ct_DUMPBIN=''
am__EXEEXT_FALSE=''
am__EXEEXT_TRUE='#'
am__fastdepCC_FALSE='#'
am__fastdepCC_TRUE=''
am__include='include'
am__isrc=''
am__leading_dot='.'
am__nodep='_no'
am__quote=''
am__tar='$${TAR-tar} chof - "$$tardir"'
am__untar='$${TAR-tar} xf -'
bindir='${exec_prefix}/bin'
build='x86_64-pc-linux-gnu'
build_alias=''
build_cpu='x86_64'
build_os='linux-gnu'
build_vendor='pc'
datadir='${datarootdir}'
datarootdir='${prefix}/share'
docdir='${datarootdir}/doc/${PACKAGE_TARNAME}'
dvidir='${docdir}'
exec_prefix='${prefix}'
host='x86_64-pc-linux-gnu'
host_alias=''
host_cpu='x86_64'
host_os='linux-gnu'
host_vendor='pc'
htmldir='${docdir}'
includedir='${prefix}/include'
infodir='${datarootdir}/info'
install_sh='${SHELL} /home/qa/works/src/github.com/zytzjx/hddchecker/sg3_utils-1.45/install-sh'
libdir='${exec_prefix}/lib'
libexecdir='${exec_prefix}/libexec'
localedir='${datarootdir}/locale'
localstatedir='${prefix}/var'
mandir='${datarootdir}/man'
mkdir_p='$(MKDIR_P)'
oldincludedir='/usr/include'
pdfdir='${docdir}'
prefix='/usr/local'
program_transform_name='s,x,x,'
psdir='${docdir}'
runstatedir='${localstatedir}/run'
sbindir='${exec_prefix}/sbin'
sharedstatedir='${prefix}/com'
sysconfdir='${prefix}/etc'
target_alias=''

## ----------- ##
## confdefs.h. ##
## ----------- ##

/* confdefs.h */
#define PACKAGE_NAME "sg3_utils"
#define PACKAGE_TARNAME "sg3_utils"
#define PACKAGE_VERSION "1.45"
#define PACKAGE_STRING "sg3_utils 1.45"
#define PACKAGE_BUGREPORT "dgilbert@interlog.com"
#define PACKAGE_URL ""
#define PACKAGE "sg3_utils"
#define VERSION "1.45"
#define STDC_HEADERS 1
#define HAVE_SYS_TYPES_H 1
#define HAVE_SYS_STAT_H 1
#define HAVE_STDLIB_H 1
#define HAVE_STRING_H 1
#define HAVE_MEMORY_H 1
#define HAVE_STRINGS_H 1
#define HAVE_INTTYPES_H 1
#define HAVE_STDINT_H 1
#define HAVE_UNISTD_H 1
#define HAVE_DLFCN_H 1
#define LT_OBJDIR ".libs/"
#define STDC_HEADERS 1
#define HAVE_BYTESWAP_H 1
#define HAVE_GETOPT_LONG 1
#define HAVE_POSIX_FADVISE 1
#define HAVE_POSIX_MEMALIGN 1
#define HAVE_GETTIMEOFDAY 1
#define HAVE_SYSCONF 1
#define HAVE_LSEEK64 1
#define HAVE_PTHREAD_CANCEL 1
#define HAVE_PTHREAD_KILL 1
#define HAVE_CLOCK_GETTIME 1
#define SG_LIB_BUILD_HOST "x86_64-pc-linux-gnu"
#define SG_LIB_LINUX 1
#define HAVE_LINUX_NVME_IOCTL_H 1
#define HAVE_NVME 1
#define HAVE_LINUX_TYPES_H 1
#define HAVE_LINUX_BSG_H 1
#define HAVE_LINUX_KDEV_T_H 1
#define SG_SCSI_STRINGS 1

configure: exit 0
